[    0.000000] Initializing cgroup subsys cpuset
[    0.000000] Initializing cgroup subsys cpu
[    0.000000] Initializing cgroup subsys cpuacct
[    0.000000] Linux version 4.4.0-70-generic (buildd@lgw01-10) (gcc version 5.4.0 20160609 (Ubuntu 5.4.0-6ubuntu1~16.04.4) ) #91-Ubuntu SMP Wed Mar 22 12:46:53 UTC 2017 (Ubuntu 4.4.0-70.91-generic 4.4.49)
[    0.000000] KERNEL supported cpus:
[    0.000000]   Intel GenuineIntel
[    0.000000]   AMD AuthenticAMD
[    0.000000]   NSC Geode by NSC
[    0.000000]   Cyrix CyrixInstead
[    0.000000]   Centaur CentaurHauls
[    0.000000]   Transmeta GenuineTMx86
[    0.000000]   Transmeta TransmetaCPU
[    0.000000]   UMC UMC UMC UMC
[    0.000000] x86/fpu: xstate_offset[2]:  576, xstate_sizes[2]:  256
[    0.000000] x86/fpu: Supporting XSAVE feature 0x01: 'x87 floating point registers'
[    0.000000] x86/fpu: Supporting XSAVE feature 0x02: 'SSE registers'
[    0.000000] x86/fpu: Supporting XSAVE feature 0x04: 'AVX registers'
[    0.000000] x86/fpu: Enabled xstate features 0x7, context size is 832 bytes, using 'standard' format.
[    0.000000] x86/fpu: Using 'lazy' FPU context switches.
[    0.000000] e820: BIOS-provided physical RAM map:
[    0.000000] BIOS-e820: [mem 0x0000000000000000-0x000000000009fbff] usable
[    0.000000] BIOS-e820: [mem 0x000000000009fc00-0x000000000009ffff] reserved
[    0.000000] BIOS-e820: [mem 0x00000000000f0000-0x00000000000fffff] reserved
[    0.000000] BIOS-e820: [mem 0x0000000000100000-0x000000003ffeffff] usable
[    0.000000] BIOS-e820: [mem 0x000000003fff0000-0x000000003fffffff] ACPI data
[    0.000000] BIOS-e820: [mem 0x00000000fec00000-0x00000000fec00fff] reserved
[    0.000000] BIOS-e820: [mem 0x00000000fee00000-0x00000000fee00fff] reserved
[    0.000000] BIOS-e820: [mem 0x00000000fffc0000-0x00000000ffffffff] reserved
[    0.000000] NX (Execute Disable) protection: active
[    0.000000] SMBIOS 2.5 present.
[    0.000000] Hypervisor detected: KVM
[    0.000000] e820: last_pfn = 0x3fff0 max_arch_pfn = 0x1000000
[    0.000000] MTRR: Disabled
[    0.000000] x86/PAT: MTRRs disabled, skipping PAT initialization too.
[    0.000000] x86/PAT: Configuration [0-7]: WB  WT  UC- UC  WB  WT  UC- UC  
[    0.000000] CPU MTRRs all blank - virtualized system.
[    0.000000] found SMP MP-table at [mem 0x0009fff0-0x0009ffff] mapped at [c009fff0]
[    0.000000] Scanning 1 areas for low memory corruption
[    0.000000] RAMDISK: [mem 0x3635c000-0x371a5fff]
[    0.000000] ACPI: Early table checksum verification disabled
[    0.000000] ACPI: RSDP 0x00000000000E0000 000024 (v02 VBOX  )
[    0.000000] ACPI: XSDT 0x000000003FFF0030 00003C (v01 VBOX   VBOXXSDT 00000001 ASL  00000061)
[    0.000000] ACPI: FACP 0x000000003FFF00F0 0000F4 (v04 VBOX   VBOXFACP 00000001 ASL  00000061)
[    0.000000] ACPI: DSDT 0x000000003FFF0470 00210F (v01 VBOX   VBOXBIOS 00000002 INTL 20100528)
[    0.000000] ACPI: FACS 0x000000003FFF0200 000040
[    0.000000] ACPI: FACS 0x000000003FFF0200 000040
[    0.000000] ACPI: APIC 0x000000003FFF0240 00005C (v02 VBOX   VBOXAPIC 00000001 ASL  00000061)
[    0.000000] ACPI: SSDT 0x000000003FFF02A0 0001CC (v01 VBOX   VBOXCPUT 00000002 INTL 20100528)
[    0.000000] 131MB HIGHMEM available.
[    0.000000] 891MB LOWMEM available.
[    0.000000]   mapped low ram: 0 - 37bfe000
[    0.000000]   low ram: 0 - 37bfe000
[    0.000000] kvm-clock: Using msrs 4b564d01 and 4b564d00
[    0.000000] kvm-clock: cpu 0, msr 0:37bfd001, primary cpu clock
[    0.000000] kvm-clock: using sched offset of 3570159396 cycles
[    0.000000] clocksource: kvm-clock: mask: 0xffffffffffffffff max_cycles: 0x1cd42e4dffb, max_idle_ns: 881590591483 ns
[    0.000000] Zone ranges:
[    0.000000]   DMA      [mem 0x0000000000001000-0x0000000000ffffff]
[    0.000000]   Normal   [mem 0x0000000001000000-0x0000000037bfdfff]
[    0.000000]   HighMem  [mem 0x0000000037bfe000-0x000000003ffeffff]
[    0.000000] Movable zone start for each node
[    0.000000] Early memory node ranges
[    0.000000]   node   0: [mem 0x0000000000001000-0x000000000009efff]
[    0.000000]   node   0: [mem 0x0000000000100000-0x000000003ffeffff]
[    0.000000] Initmem setup node 0 [mem 0x0000000000001000-0x000000003ffeffff]
[    0.000000] Using APIC driver default
[    0.000000] ACPI: PM-Timer IO Port: 0x4008
[    0.000000] IOAPIC[0]: apic_id 2, version 32, address 0xfec00000, GSI 0-23
[    0.000000] ACPI: INT_SRC_OVR (bus 0 bus_irq 0 global_irq 2 dfl dfl)
[    0.000000] ACPI: INT_SRC_OVR (bus 0 bus_irq 9 global_irq 9 high level)
[    0.000000] Using ACPI (MADT)for SMP configuration information
[    0.000000] smpboot: Allowing 2 CPUs, 0 hotplug CPUs
[    0.000000] PM: Registered nosave memory: [mem 0x00000000-0x00000fff]
[    0.000000] PM: Registered nosave memory: [mem 0x0009f000-0x0009ffff]
[    0.000000] PM: Registered nosave memory: [mem 0x000a0000-0x000effff]
[    0.000000] PM: Registered nosave memory: [mem 0x000f0000-0x000fffff]
[    0.000000] e820: [mem 0x40000000-0xfebfffff] available for PCI devices
[    0.000000] Booting paravirtualized kernel on KVM
[    0.000000] clocksource: refined-jiffies: mask: 0xffffffff max_cycles: 0xffffffff, max_idle_ns: 7645519600211568 ns
[    0.000000] setup_percpu: NR_CPUS:8 nr_cpumask_bits:8 nr_cpu_ids:2 nr_node_ids:1
[    0.000000] PERCPU: Embedded 19 pages/cpu @f71b0000 s47436 r0 d30388 u77824
[    0.000000] PV qspinlock hash table entries: 512 (order: 0, 4096 bytes)
[    0.000000] Built 1 zonelists in Zone order, mobility grouping on.  Total pages: 259800
[    0.000000] Kernel command line: BOOT_IMAGE=/boot/vmlinuz-4.4.0-70-genric root=UUID=51c5cf2e-3afd-4d38-a695-6d0b43c15355 ro console=tty1 console=ttyS0
[    0.000000] PID hash table entries: 4096 (order: 2, 16384 bytes)
[    0.000000] Dentry cache hash table entries: 131072 (order: 7, 524288 bytes)
[    0.000000] Inode-cache hash table entries: 65536 (order: 6, 262144 bytes)
[    0.000000] Initializing CPU#0
[    0.000000] Initializing HighMem for node 0 (00037bfe:0003fff0)
[    0.000000] Initializing Movable for node 0 (00000000:00000000)
[    0.000000] Memory: 1008336K/1048120K available (7930K kernel code, 770K rwdata, 3160K rodata, 940K init, 800K bss, 39784K reserved, 0K cma-reserved, 135112K highmem)
[    0.000000] virtual kernel memory layout:
[    0.000000]     fixmap  : 0xfff15000 - 0xfffff000   ( 936 kB)
[    0.000000]     pkmap   : 0xffc00000 - 0xffe00000   (2048 kB)
[    0.000000]     vmalloc : 0xf83fe000 - 0xffbfe000   ( 120 MB)
[    0.000000]     lowmem  : 0xc0000000 - 0xf7bfe000   ( 891 MB)
[    0.000000]       .init : 0xc1b99000 - 0xc1c84000   ( 940 kB)
[    0.000000]       .data : 0xc17bed0b - 0xc1b97a00   (3939 kB)
[    0.000000]       .text : 0xc1000000 - 0xc17bed0b   (7931 kB)
[    0.000000] Checking if this processor honours the WP bit even in supervisor mode...Ok.
[    0.000000] SLUB: HWalign=64, Order=0-3, MinObjects=0, CPUs=2, Nodes=1
[    0.000000] Hierarchical RCU implementation.
[    0.000000] 	Build-time adjustment of leaf fanout to 32.
[    0.000000] 	RCU restricting CPUs from NR_CPUS=8 to nr_cpu_ids=2.
[    0.000000] RCU: Adjusting geometry for rcu_fanout_leaf=32, nr_cpu_ids=2
[    0.000000] NR_IRQS:2304 nr_irqs:440 16
[    0.000000] Console: colour VGA+ 80x25
[    0.000000] console [tty1] enabled
[    0.000000] console [ttyS0] enabled
[    0.000000] allocated 1048576 bytes of page_ext
[    0.000000] tsc: Detected 2893.426 MHz processor
[    6.087192] Calibrating delay loop (skipped) preset value.. 5786.85 BogoMIPS (lpj=11573704)
[    6.088701] pid_max: default: 32768 minimum: 301
[    6.137424] ACPI: Core revision 20150930
[    6.153552] ACPI: 2 ACPI AML tables successfully acquired and loaded
[    6.156282] Security Framework initialized
[    6.157029] Yama: becoming mindful.
[    6.157737] AppArmor: AppArmor initialized
[    6.223991] Mount-cache hash table entries: 2048 (order: 1, 8192 bytes)
[    6.260077] Mountpoint-cache hash table entries: 2048 (order: 1, 8192 bytes)
[    6.314819] Initializing cgroup subsys io
[    6.395034] Initializing cgroup subsys memory
[    6.501996] Initializing cgroup subsys devices
[    6.603047] Initializing cgroup subsys freezer
[    6.712327] Initializing cgroup subsys net_cls
[    6.820628] Initializing cgroup subsys perf_event
[    6.915872] Initializing cgroup subsys net_prio
[    6.982706] Initializing cgroup subsys hugetlb
[    6.988923] Initializing cgroup subsys pids
[    6.990560] CPU: Physical Processor ID: 0
[    6.991746] CPU: Processor Core ID: 0
[    6.993407] mce: CPU supports 0 MCE banks
[    7.047922] Last level iTLB entries: 4KB 512, 2MB 8, 4MB 8
[    7.147609] Last level dTLB entries: 4KB 512, 2MB 32, 4MB 32, 1GB 0
[    7.205875] Freeing SMP alternatives memory: 28K (c1c84000 - c1c8b000)
[    7.323747] ftrace: allocating 31396 entries in 62 pages
[    7.373286] smpboot: APIC(0) Converting physical 0 to logical package 0
[    7.464914] smpboot: Max logical packages: 1
[    7.471989] Enabling APIC mode:  Flat.  Using 1 I/O APICs
[    7.515706] ..TIMER: vector=0x30 apic1=0 pin1=2 apic2=-1 pin2=-1
[    7.635371] smpboot: CPU0: Intel(R) Core(TM) i7-3520M CPU @ 2.90GHz (family: 0x6, model: 0x3a, stepping: 0x9)
[    7.772362] Performance Events: unsupported p6 CPU model 58 no PMU driver, software events only.
[    7.793395] KVM setup paravirtual spinlock
[    7.811334] x86: Booting SMP configuration:
[    7.844701] .... node  #0, CPUs:      #1
[1266874886.139392] Initializing CPU#1
[    7.952371] kvm-clock: cpu 1, msr 0:37bfd041, secondary cpu clock
[    7.967778] mce: CPU supports 0 MCE banks
[    7.971950] x86: Booted up 1 node, 2 CPUs
[    8.037910] smpboot: Total of 2 processors activated (11573.70 BogoMIPS)
[    8.164795] devtmpfs: initialized
[    8.237465] evm: security.selinux
[    8.285242] evm: security.SMACK64
[    8.302392] evm: security.SMACK64EXEC
[    8.303441] evm: security.SMACK64TRANSMUTE
[    8.350242] evm: security.SMACK64MMAP
[    8.362582] evm: security.ima
[    8.373271] evm: security.capability
[    8.384816] clocksource: jiffies: mask: 0xffffffff max_cycles: 0xffffffff, max_idle_ns: 7645041785100000 ns
[    8.421760] pinctrl core: initialized pinctrl subsystem
[    8.423385] RTC time: 14:28:29, date: 04/12/17
[    8.430717] NET: Registered protocol family 16
[    8.451489] EISA bus registered
[   8.477511] cpuidle: using governor ladder
[    8.570420] cpuidle: using governor menu
[    8.674276] PCCT header not found.
[    8.746874] ACPI: bus type PCI registered
[    8.814289] acpiphp: ACPI Hot Plug PCI Controller Driver version: 0.5
[    8.916679] PCI : PCI BIOS area is rw and x. Use pci=nobios if you want it NX.
[    9.022757] PCI: PCI BIOS revision 2.10 entry at 0xfda26, last bus=0
[    9.107937] PCI: Using configuration type 1 for base access
[    9.209615] ACPI: Added _OSI(Module Device)
[    9.252559] ACPI: Added _OSI(Processor Device)
[    9.259807] ACPI: Added _OSI(3.0 _SCP Extensions)
[    9.281571] ACPI: Added _OSI(Processor Aggregator Device)
[    9.342052] ACPI: Executed 1 blocks of module-level executable AML code
[    9.440106] ACPI: Interpreter enabled
[    9.488935] ACPI: (supports S0 S5)
[    9.508459] ACPI: Using IOAPIC for interrupt routing
[    9.523241] PCI: Using host bridge windows from ACPI; if necessary, use "pci=nocrs" and report a bug
[    9.570711] ACPI: PCI Root Bridge [PCI0] (domain 0000 [bus 00-ff])
[    9.578799] acpi PNP0A03:00: _OSC: OS supports [ASPM ClockPM Segments MSI]
[    9.610457] acpi PNP0A03:00: _OSC failed (AE_NOT_FOUND); disabling ASPM
[    9.671661] acpi PNP0A03:00: fail to add MMCONFIG information, can't access extended PCI configuration space under this bridge.
[    9.826508] PCI host bridge to bus 0000:00
[    9.902938] pci_bus 0000:00: root bus resource [io  0x0000-0x0cf7 window]
[   10.000051] pci_bus 0000:00: root bus resource [io  0x0d00-0xffff window]
[   10.095554] pci_bus 0000:00: root bus resource [mem 0x000a0000-0x000bffff window]
[   10.200760] pci_bus 0000:00: root bus resource [mem 0x40000000-0xffdfffff window]
[   10.303257] pci_bus 0000:00: root bus resource [bus 00-ff]
[   10.370306] pci 0000:00:01.1: legacy IDE quirk: reg 0x10: [io  0x01f0-0x01f7]
[   10.383111] pci 0000:00:01.1: legacy IDE quirk: reg 0x14: [o  0x03f6]
[   10.510120] pci 0000:00:01.1: legacy IDE quirk: reg 0x18: [io  0x0170-0x0177]
[   10.607596] pci 0000:00:01.1: legacy IDE quirk: reg 0x1c: [io  0x0376]
[   10.661997] pci 0000:00:07.0: quirk: [io  0x4000-0x403f] claimed by PIIX4 ACPI
[   10.669803] pci 0000:00:07.0: quirk: [io  0x4100-0x410f] claimed by PIIX4 SMB
[   10.677875] ACPI: PCI Interrupt Link [LNKA] (IRQs 5 9 10 *11)
[   10.680396] ACPI: PCI Interrupt Link [LNKB] (IRQs 5 9 10 *11)
[   10.692788] ACPI: PCI Interrupt Link [LNKC] (IRQs 5 9 *10 11)
[   10.770806] ACPI: PCI Interrupt Link [LNKD] (IRQs 5 *9 10 11)
[   10.866328] ACPI: Enabled 2 GPEs in block 00 to 07
[   10.964894] vgaarb: setting as boot device: PCI:0000:00:02.0
[   11.064184] vgaarb: device added: PCI:0000:00:02.0,decodes=io+mem,owns=io+mem,locks=none
[   11.203386] vgaarb: loaded
[   11.231608] vgaarb: bridge control possible 0000:00:02.0
[   11.326912] SCSI subsystem initialized
[   11.335402] ACPI: bus type USB registered
[   11.354628] usbcore: registered new interface driver usbfs
[   11.385685] usbcore: registered new interface driver hub
[   11.396005] usbcore: registered new device driver usb
[   11.416025] PCI: Using ACPI for IRQ routing
[   11.448884] NetLabel: Initializing
[   11.506637] NetLabel:  domain hash size = 128
[   11.567084] NetLabel:  protocols = UNLABELED CIPSOv4
[   11.652248] NetLabel:  unlabeled traffic allowed by default
[   11.714217] amd_nb: Cannot enumerate AMD northbridges
[   11.737049] clocksource: Switched to clocksource kvm-clock
[   11.753069] AppArmor: AppArmor Filesystem Enabled
[   11.754553] pnp: PnP ACPI init
[   11.756221] pnp: PnP ACPI: found 3 devices
[   11.759230] PnPBIOS: Disabled by ACPI PNP
[   11.809037] clocksource: acpi_pm: mask: 0xffffff max_cycles: 0xffffff, max_idle_ns: 2085701024 ns
[   11.949163] NET: Registered protocol family 2
[   12.069347] TCP established hash table entries: 8192 (order: 3, 32768 bytes)
[   12.281417] TCP bind hash table entries: 8192 (order: 4, 65536 bytes)
[   12.291478] TCP: Hash tables configured (established 8192 bind 8192)
[   12.313061] UDP hash table entries: 512 (order: 2, 16384 bytes)
[   12.333918] UDP-Lite hash table entries: 512 (order: 2, 16384 bytes)
[   12.355602] NET: Registered protocol family 1
[   12.439295] pci 0000:00:00.0: Limiting direct PCI/PCI transfers
[   12.572865] pci 0000:00:01.0: Activating ISA DMA hang workarounds
[   12.596259] Unpacking initramfs...
[   12.816534] Freeing initrd memory: 14632K (f635c000 - f71a6000)
[   12.829144] RAPL PMU detected, API unit is 2^-32 Joules, 3 fixed counters 10737418240 ms ovfl timer
[   12.902135] hw unit of domain pp0-core 2^-0 Joules
[   12.999875] hw unit of domain package 2^-0 Joules
[   13.105400] hw unit of domain pp1-gpu 2^-0 Joules
[   13.193504] platform rtc_cmos: registered platform RTC device (no PNP device found)
[   13.317202] Scanning for low memory corruption every 60 seconds
[   13.463013] futex hash table entries: 512 (order: 3, 32768 bytes)
[   13.610486] audit: initializing netlink subsys (disabled)
[   13.631194] audit: type=2000 audit(1492007307.809:1): initialized
[   13.642228] Initialise system trusted keyring
[   13.643272] HugeTLB registered 2 MB page size, pre-allocated 0 pages
[   13.654229] zbud: loaded
[   13.673881] VFS: Disk quotas dquot_6.6.0
[   13.675068] VFS: Dquot-cache hash table entries: 1024 (order 0, 4096 bytes)
[   13.697011] squashfs: version 4.0 (2009/01/31) Phillip Lougher
[   13.745476] fuse init (API version 7.23)
[   13.767337] Key type big_key registered
[   13.784195] Allocating IMA MOK and blacklist keyrings.
[   13.806761] Key type asymmetric registered
[   13.825429] Asymmetric key parser 'x509' registered
[   13.846596] bounce: pool size: 64 pages
[   13.893517] Block layer SCSI generic (bsg) driver version 0.4 loaded (major 249)
[   13.907315] io scheduler noop registered
[   13.927092] io scheduler deadline registered (default)
[   13.935669] io scheduler cfq registered
[   13.936912] pci_hotplug: PCI Hot Plug PCI Core version: 0.5
[   13.938689] pciehp: PCI Express Hot Plug Controller Driver version: 0.4
[   13.940896] ACPI: AC Adapter [AC] (off-line)
[   13.942253] input: Power Button as /devices/LNXSYSTM:00/LNXPWRBN:00/input/input0
[   13.944381] ACPI: Power Button [PWRF]
[   13.945567] input: Sleep Button as /devices/LNXSYSTM:00/LNXSLPBN:00/input/input1
[   13.947621] ACPI: Sleep Button [SLPF]
[   13.979877] GHES: HEST is not enabled!
[   13.980663] ACPI: Battery Slot [BAT0] (battery present)
[   14.055503] isapnp: Scanning for PnP cards...
[   14.066345] Serial: 8250/16550 driver, 32 ports, IRQ sharing enabled
ÿ[   14.147964] 00:02: ttyS0 at I/O 0x3f8 (irq = 4, base_baud = 115200) is a 16550A
[   14.186364] Linux agpgart interface v0.103
[   14.191227] loop: module loaded
[   14.205241] tsc: Refined TSC clocksource calibration: 2893.809 MHz
[   14.253901] clocksource: tsc: mask: 0xffffffffffffffff max_cycles: 0x29b66aa9a3c, max_idle_ns: 440795300637 ns
[   14.256732] scsi host0: ata_piix
[   14.257689] scsi host1: ata_piix
[   14.258559] ata1: PATA max UDMA/33 cmd 0x1f0 ctl 0x3f6 bmdma 0xd000 irq 14
[   14.259972] ata2: PATA max UDMA/33 cmd 0x170 ctl 0x376 bmdma 0xd008 irq 15
[   14.290154] libphy: Fixed MDIO Bus: probed
[   14.293540] tun: Universal TUN/TAP device driver, 1.6
[   14.296988] tun: (C) 1999-2004 Max Krasnyansky <maxk@qualcomm.com>
[   14.313387] PPP generic driver version 2.4.2
[   14.318031] ehci_hcd: USB 2.0 'Enhanced' Host Controller (EHCI) Driver
[   14.367893] ehci-pci: EHCI PCI platform driver
[   14.373186] ehci-platform: EHCI generic platform driver
[   14.377557] ohci_hcd: USB 1.1 'Open' Host Controller (OHCI) Driver
[   14.407294] ohci-pci: OHCI PCI platform driver
[   14.417038] ohci-platform: OHCI generic platform driver
[   14.418313] uhci_hcd:USB Universal Host Controller Interface driver
[   14.418924] isapnp: No Plug & Play device found
[   14.597181] i8042: PNP: PS/2 Controller [PNP0303:PS2K,PNP0f03:PS2M] at 0x60,0x64 irq 1,12
[   14.622580] serio: i8042 KBD port at 0x60,0x64 irq 1
[   14.645000] serio: i8042 AUX port at 0x60,0x64 irq 12
[   14.666866] mousedev: PS/2 mouse device common for all mice
[   14.762001] rtc_cmos rtc_cmos: rtc core: registered rtc_cmos as rtc0
[   14.769943] rtc_cmos rtc_cmos: alarms up to one day, 114 bytes nvram
[   14.869751] i2c /dev entries driver
[   14.889477] device-mapper: uevent: version 1.0.3
[   14.912123] device-mapper: ioctl: 4.34.0-ioctl (2015-10-28) initialised: dm-devel@redhat.com
[   14.933225] input: AT Translated Set 2 keyboard as /devices/platform/i8042/serio0/input/input2
[   14.995023] platform eisa.0: Probing EISA bus 0
[   15.006148] platform eisa.0: EISA: Cannot allocate resource for mainboard
[   15.014645] platform eisa.0: Cannot allocate resource for EISA slot 1
[   15.017339] platform eisa.0: Cannot allocate resource for EISA slot 2
[   15.025308] platform eisa.0: Cannot allocate resource for EISA slot 3
[   15.027711] platform eisa.0: Cannot allocate resource for EISA slot 4
[   15.029458] platform eisa.0: Cannot allocate resource for EISA slot 5
[   15.031506] platform eisa.0: Cannot allocate resource for EISA slot 6
[   15.042296] platform eisa.0: Cannot allocate resource for EISA slot 7
[   15.211659] platform eisa.0: Cannot allocate resource for EISA slot 8
[   15.375692] platform eisa.0: EISA: Detected 0 cards
[   15.487367] cpufreq-nforce2: No nForce2 chipset.
[   15.559900] ledtrig-cpu: registered to indicate activity on CPUs
[   15.689603] NET: Registered protocol family 10
[   15.785036] NET: Registered protocol family 17
[   15.898756] Key type dns_resolver registered
[   16.008807] microcode: CPU0 sig=0x306a9, pf=0x2, revision=0x19
[   16.016412] microcode: CPU1 sig=0x306a9, pf=0x2, revision=0x19
[   16.148441] microcode: Microcode Update Driver: v2.01 <tigran@aivazian.fsnet.co.uk>, Peter Oruba
[   16.234430] Using IPI No-Shortcut mode
[   16.282389] registered taskstats version 1
[   16.294327] Loading compiled-in X.509 certificates
[   16.297254] Loaded X.509 cert 'Build time autogenerated kernel key: e5dbdb10ec7de2d184bd76515540f3a290575601'
[   16.400261] zswap: loaded using pool lzo/zbud
[   16.477460] Key type trusted registered
[   16.520006] Key type encrypted registered
[   16.601866] AppArmor: AppArmor sha1 policy hashing enabled
[   16.720322] ima: No TPM chip found, activating TPM-bypass!
[   16.802494] evm: HMAC attrs: 0x1
[   16.869810]   Magic number: 13:299:485
[   16.988440] rtc_cmos rtc_cmos: setting system clock to 2017-04-12 14:28:37 UTC (1492007317)
[   17.132786] BIOS EDD facility v0.16 2004-Jun-25, 0 devices found
[   17.136036] EDD information not available.
[   17.138698] Freeing unused kernel memory: 940K (c1b99000 - c1c84000)
[   17.183563] Write protecting the kernel text: 7932k
[   17.219981] Write protecting the kernel read-only data: 3168k
[   17.396951] NX-protecting the kernel data: 6404k
Loading, please wait...
starting version[   17.469818] random: systemd-udevd: uninitialized urandom read (16 bytes read, 0 bits of entropy available)
 229
[   17.470636] random: udevadm: uninitialized urandom read (16 bytes read, 0 bits of entropy available)
[   17.470688] random: udevadm: uninitialized urandom read (16 bytes read, 0 bits of entropy available)
[   17.470866] random: udevadm: uninitialized urandom read (16 bytes read, 0 bits of entropy available)
[   17.470934] random: udevadm: uninitialized urandom read (16 bytes read, 0 bits of entropy available)
[   17.471029] random: udevadm: uninitialized urandom read (16 bytes read, 0 bits of entropy available)
[   17.471114] random: udevadm: uninitialized urandom read (16 bytes read, 0 bits of entropy available)
[   17.471192] random: udevadm: uninitialized urandom read (16 bytes read, 0 bits of entropy available)
[   17.471265] random: udevadm: uninitialized urandom read (16 bytes read, 0 bits of entropy available)
[   17.471342] random: udevadm: uninitialized urandom read (16 bytes read, 0 bits of entropy available)
[   18.193544] Fusion MPT base driver 3.04.20
[   18.194863] Copyright (c) 1999-2008 LSI Corporation
[   18.196498] e1000: Intel(R) PRO/1000 Network Driver - version 7.3.21-k8-NAPI
[   18.263813] e1000: Copyright (c) 1999-2006 Intel Corporation.
[   18.296089] Fusion MPT SPI Host driver 3.04.20
[   18.474602] input: ImExPS/2 Generic Explorer Mouse as /devices/platform/i8042/serio1/input/input4
[   18.717392] e1000 0000:00:03.0 eth0: (PCI:33MHz:32-bit) 02:ba:9d:25:04:86
[   18.882650] e1000 0000:00:03.0 eth0: Intel(R) PRO/1000 Network Connection
[   18.998051] e1000 0000:00:03.0 enp0s3: renamed from eth0
[   19.058755] mptbase: ioc0: Initiating bringup
[   19.141965] ioc0: LSI53C1030 A0: Capabilities={Initiator}
[   19.457952] scsi host2: ioc0: LSI53C1030 A0, FwRev=00000000h, Ports=1, MaxQ=256, IRQ=20
[   19.702626] scsi 2:0:0:0: Direct-Access     VBOX     HARDDISK         1.0  PQ: 0 ANSI: 5
[   19.873931] scsi target2:0:0: Beginning Domain Validation
[   19.876865] scsi target2:0:0: Domain Validation skipping write tests
[   19.883881] scsi target2:0:0: Ending Domain Validation
[   20.022819] scsi target2:0:0: asynchronous
[   20.036650] scsi 2:0:1:0: Direct-Access     VBOX     HARDDISK         1.0  PQ: 0 ANSI: 5
[   20.098554] scsi target2:0:1: Beginning Domain Validation
[   20.138595] scsi target2:0:1: Domain Validation skipping write tests
[   20.242605] scsi target2:0:1: Ending Domain Validation
[   20.253872] scsi target2:0:1: asynchronous
[   20.279690] sd 2:0:0:0: Attached scsi generic sg0 type 0
[   20.300324] sd 2:0:0:0: [sda] 20971520 512-byte logical blocks: (10.7 GB/10.0 GiB)
[   20.328943] sd 2:0:1:0: Attached scsi generic sg1 type 0
[   20.403334] sd 2:0:1:0: [sdb] 20480 512-byte logical blocks: (10.5 MB/10.0 MiB)
[   20.459346] sd 2:0:0:0: [sda] Write Protect is off
[   20.459521] sd 2:0:1:0: [sdb] Write Protect is off
[   20.459597] sd 2:0:1:0: [sdb] Incomplete mode parameter data
[   20.459598] sd 2:0:1:0: [sdb] Assuming drive cache: write through
[   20.518888] sd 2:0:1:0: [sdb] Attached SCSI disk
[   20.638548] sd 2:0:0:0: [sda] Incomplete mode parameter data
[   20.643455] sd 2:0:0:0: [sda] Assuming drive cache: write through
[   20.663561]  sda: sda1
[   20.732695] sd 2:0:0:0: [sda] Attached SCSI disk
[   21.294201] floppy0: no floppy controllers found
Begin: Loading e[   22.811339] md: linear personality registered for level -1
ssential drivers ... [   22.853962] md: multipath personality registered for level -4
[   22.859378] md: raid0 personality registered for level 0
[   22.886850] md: raid1 personality registered for level 1
[   23.037251] raid6: mmxx1    gen()  5493 MB/s
[   23.201299] raid6: mmxx2    gen()  5804 MB/s
[   23.333310] raid6: sse1x1   gen()  4578 MB/s
[   23.461329] raid6: sse1x2   gen()  5658 MB/s
[   23.585334] raid6: sse2x1   gen()  9259 MB/s
[   23.701365] raid6: sse2x1   xor()  7166 MB/s
[   23.797362] raid6: sse2x2   gen() 11387 MB/s
[   23.901386] raid6: sse2x2   xor()  8155 MB/s
[   23.927493] raid6: using algorithm sse2x2 gen() 11387 MB/s
[   23.943145] raid6: .... xor() 8155 MB/s, rmw enabled
[   23.997915] raid6: using ssse3x1 recovery algorithm
[   24.017734] xor: automatically using best checksumming function:
[   24.065381]    avx       : 18811.000 MB/sec
[   24.076045] async_tx: api initialized (async)
[   24.095588] md: raid6 personality registered for level 6
[   24.205311] md: raid5 personality registered for level 5
[   24.302813] md: raid4 personality registered for level 4
[   24.393667] md: raid10 personality registered for level 10
done.
Begin: Running /scripts/init-premount ...[   24.435172] Btrfs loaded
 done.
Begin: Mounting root file system ... Begin: Running /scripts/local-top ... done.
Begin: Running /scripts/local-premount ... Scanning fo[   24.678622] EXT4-fs (sda1): mounted filesystem with ordered data mode. Opts: (null)
r Btrfs filesystems
done.
Warning: fsck not present, so skipping root file system
done.
Begin: Running /scripts/local-bottom ... done.
Begin: Running /scripts/init-bottom ... done.
[   25.531651] random: nonblocking pool is initialized
[   25.906516] systemd[1]: systemd 229 running in system mode. (+PAM +AUDIT +SELINUX +IMA +APPARMOR +SMACK +SYSVINIT +UTMP +LIBCRYPTSETUP +GCRYPT +GNUTLS +ACL +XZ -LZ4 +SECCOMP +BLKID +ELFUTILS +KMOD -IDN)
[   26.120064] systemd[1]: Detected virtualization oracle.
[   26.165404] systemd[1]: Detected architecture x86.

Welcome to [1mUbuntu 16.04.1 LTS[0m!

[   26.278556] systemd[1]: Set hostname to <ubuntu-xenial>.
[   27.218521] systemd[1]: Listening on Journal Socket (/dev/log).
[[0;32m  OK  [0m] Listening on Journal Socket (/dev/log).
[   27.281894] systemd[1]: Listening on /dev/initctl Compatibility Named Pipe.
[[0;32m  OK  [0m] Listening on /dev/initctl Compatibility Named Pipe.
[   27.464021] systemd[1]: Listening on Journal Socket.
[[0;32m  OK  [0m] Listening on Journal Socket.
[   27.634570] systemd[1]: Created slice User and Session Slice.
[[0;32m  OK  [0m] Created slice User and Session Slice.
[   27.838289] systemd[1]: Listening on udev Control Socket.
[[0;32m  OK  [0m] Listening on udev Control Socket.
[   28.030496] systemd[1]: Listening on LVM2 metadata daemon socket.
[[0;32m  OK  [0m] Listening on LVM2 metadata daemon socket.
[   28.270056] systemd[1]: Listening on udev Kernel Socket.
[[0;32m  OK  [0m] Listening on udev Kernel Socket.
[   28.386101] systemd[1]: Listening on Journal Audit Socket.
[[0;32m  OK  [0m] Listening on Journal Audit Socket.
[   28.566302] systemd[1]: Listening on Syslog Socket.
[[0;32m  OK  [0m] Listening on Syslog Socket.
[   28.685096] systemd[1]: Reached target User and Group Name Lookups.
[[0;32m  OK  [0m] Reached target User and Group Name Lookups.
[   28.859834] systemd[1]: Listening on Device-mapper event daemon FIFOs.
[[0;32m  OK  [0m] Listening on Device-mapper event daemon FIFOs.
[   29.086703] systemd[1]: Set up automount Arbitrary Executable File Formats File System Automount Point.
[[0;32m  OK  [0m] Set up automount Arbitrary Executab...ats File System Automount Point.
[   29.322259] systemd[1]: Listening on LVM2 poll daemon socket.
[[0;32m  OK  [0m] Listening on LVM2 poll daemon socket.
[   29.452718] systemd[1]: Reached target Swap.
[[0;32m  OK  [0m] Reached target Swap.
[   29.471714] systemd[1]: Reached target Encrypted Volumes.
[[0;32m  OK  [0m] Reached target Encrypted Volumes.
[   29.482820] systemd[1]: Started Forward Password Requests to Wall Directory Watch.
[[0;32m  OK  [0m] Started Forward Password Requests to Wall Directory Watch.
[   29.598754] systemd[1]: Created slice System Slice.
[[0;32m  OK  [0m] Created slice System Slice.
[   29.817818] systemd[1]: Starting Uncomplicated firewall...
         Starting Uncomplicated firewall...
[   29.886262] systemd[1]: Created slice system-serial\x2dgetty.slice.
[[0;32m  OK  [0m] Created slice system-serial\x2dgetty.slice.
[   30.070769] systemd[1]: Reached target Slices.
[[0;32m  OK  [0m] Reached target Slices.
[   30.245888] systemd[1]: Starting Load Kernel Modules...
         Starting Load Kernel Modules...
[   30.313939] systemd[1]: Starting Create list of required static device nodes for the current kernel...
         Starting Create list of required st... nodes for the current kernel...[   30.398686] Loading iSCSI transport class v2.0-870.

[   30.553820] systemd[1]: Starting Set console keymap...
         Starting Set console keymap...
[   30.636379] iscsi: registered transport (tcp)
[   30.685590] systemd[1]: Starting Monitoring of LVM2 mirrors, snapshots etc. using dmeventd or progress polling...
         Starting Monitoring of LVM2 mirrors... dmeventd or progress polling...
[   30.981647] systemd[1]: Mounting Debug File System...
         Mounting Debug File System...
[   31.165468] systemd[1]: Starting Journal Service...
         Starting Journal Service...
[   31.172182] systemd[1]: Mounting POSIX Message Queue File System...
         Mounting POSIX M[   31.199594] iscsi: registered transport (iser)
essage Queue File System...
[   31.321462] systemd[1]: Starting Nameserver information manager...
         Starting Nameserver information manager...
[   31.509676] systemd[1]: Mounting Huge Pages File System...
         Mounting Huge Pages File System...
[   31.554853] systemd[1]: Starting Remount Root and Kernel File Systems...
         [   31.578846] EXT4-fs (sda1): re-mounted. Opts: (null)
Starting Remount Root and Kernel File Systems...
[   31.667125] systemd[1]: Mounted Huge Pages File System.
[[0;32m  OK  [0m] Mounted Huge Pages File System.
[   31.709670] systemd[1]: Mounted POSIX Message Queue File System.
[[0;32m  OK  [0m] Mounted POSIX Message Queue File System.
[   31.733727] systemd[1]: Mounted Debug File System.
[[0;32m  OK  [0m] Mounted Debug File System.
[   31.861877] systemd[1]: Started Journal Service.
[[0;32m  OK  [0m] Started Journal Service.
[[0;32m  OK  [0m] Started Uncomplicated firewall.
[[0;32m  OK  [0m] Started Load Kernel Modules.
[[0;32m  OK  [0m] Started Create list of required sta...ce nodes for the current kernel.
[[0;32m  OK  [0m] Started Set console keymap.
[[0;32m  OK  [0m] Started Remount Root and Kernel File Systems.
[[0;32m  OK  [0m] Started Nameserver information manager.
[[0;32m  OK  [0m] Started LVM2 metadata daemon.
         Starting udev Coldplug all Devices...
         Starting Load/Save Random Seed...
         Starting Initial cloud-init job (pre-networking)...
         Starting Create Static Device Nodes in /dev...
         Mounting FUSE Control File System...
         Starting Apply Kernel Variables...
         Starting Flush Journal to Persistent Storage...
[[0;32m  OK  [0m] Mounted FUSE Control File System.
[[0;32m  OK  [0m] Started Load/Save Random Seed.
[[0;32m  OK  [0m] Started udev Coldplug all Devices.
[   32.912179] systemd-journald[386]: Received request to flush runtime journal from PID 1
[[0;32m  OK  [0m] Started Create Static Device Nodes in /dev.
[[0;32m  OK  [0m] Started Apply Kernel Variables.
[[0;32m  OK  [0m] Started Flush Journal to Persistent Storage.
         Starting udev Kernel Device Manager...
[[0;32m  OK  [0m] Started Monitoring of LVM2 mirrors,...ng dmeventd or progress polling.
[[0;32m  OK  [0m] Started udev Kernel Device Manager.
[[0;32m  OK  [0m] Reached target Local File Systems (Pre).
[[0;32m  OK  [0m] Reached target Local File Systems.
         Starting Tell Plymouth To Write Out Runtime Data...
         Starting Set console font and keymap...
         Starting Create Volatile Files and Directories...
         Starting LSB: AppArmor initialization...
[[0;32m  OK  [0m] Started Dispatch Password Requests to Console Directory Watch.
[[0;32m  OK  [0m] Started Tell Plymouth To Write Out Runtime Data.
[[0;32m  OK  [0m] Found device /dev/ttyS0.
[[0;32m  OK  [0m] Found device 82540EM Gigabit Ethern...r (PRO/1000 MT Desktop Adapter).
[[0;32m  OK  [0m] Started Create Volatile Files and Directories.
[[0;32m  OK  [0m] Reached target System Time Synchronized.
         Starting Update UTMP about System Boot/Shutdown...
[[0;32m  OK  [0m] Started Set console font and keymap.
[[0;32m  OK  [0m] Created slice system-getty.slice.
[[0;32m  OK  [0m] Started Update UTMP about System Boot/Shutdown.
[[0;32m  OK  [0m] Listening on Load/Save RF Kill Switch Status /dev/rfkill Watch.
[[0;32m  OK  [0m] Started LSB: AppArmor initialization.
[   28.214411] cloud-init[430]: Cloud-init v. 0.7.8 running 'init-local' at Wed, 12 Apr 2017 14:28:58 +0000. Up 27.25 seconds.
[[0;32m  OK  [0m] Started Initial cloud-init job (pre-networking).
[[0;32m  OK  [0m] Reached target Network (Pre).
         Starting Raise network interfaces...
[[0;32m  OK  [0m] Started ifup for enp0s3.
[[0;32m  OK  [0m] Started Raise network interfaces.
         Starting Initial cloud-init job (metadata service crawler)...
[[0;32m  OK  [0m] Reached target Network.
[   30.292690] cloud-init[957]: Cloud-init v. 0.7.8 running 'init' at Wed, 12 Apr 2017 14:29:01 +0000. Up 29.73 seconds.
[   30.401223] cloud-init[957]: ci-info: +++++++++++++++++++++++++++++++++++++Net device info+++++++++++++++++++++++++++++++++++++
[[0;32m  OK  [0m] Started Initial cloud-init job (metadata service crawler).
[   30.553868] cloud-init[957]: ci-info: +--------+------+---------------------------+---------------+-------+-------------------+
[   30.689741] cloud-init[957]: ci-info: | Device |  Up  |          Address          |      Mask     | Scope |     Hw-Address    |
[[0;32m  OK  [0m] Reached target Network is Online.
[   30.707300] cloud-init[957]: ci-info: +--------+------+---------------------------+---------------+-------+-------------------+
[   30.849003] cloud-init[957]: ci-info: | enp0s3 | True |         10.0.2.15         | 255.255.255.0 |   .   | 02:ba:9d:25:04:86 |
[   31.009046] cloud-init[957]: ci-info: | enp0s3 | True | fe80::ba:9dff:fe25:486/64 |       .       |  link | 02:ba:9d:25:04:86 |
         Starting iSCSI initiator daemon (iscsid)...
[[0;32m  OK  [0m] Reached target Cloud-config availability.
[[0;32m  OK  [0m] Reached target System Initialization.
[   31.095382] cloud-init[957]: ci-info: |   lo   | True |         127.0.0.1         |   255.0.0.0   |   .   |         .         |
[   31.308486] cloud-init[957]: ci-info: |   lo   | True |          ::1/128          |       .       |  host |         .         |
[   31.350977] cloud-init[957]: ci-info: +--------+------+---------------------------+---------------+-------+-------------------+
[[0;32m  OK  [0m] Started Timer to automatically refresh installed snaps.
[[0;32m  OK  [0m] Started Daily apt activities.
         Starting Socket activation for snappy daemon.
[   31.432530] cloud-init[957]: ci-info: +++++++++++++++++++++++++++Route IPv4 info++++++++++++++++++++++++++++
[   31.550286] [cloud-init[0;32m  OK  [0m[957]: ] ci-info: +-------+-------------+----------+---------------+-----------+-------+Listening on D-Bus System Message Bus Socket.

[   31.550930] cloud-init[957]: ci-info: | Route | Destination | Gateway  |    Genmask    | Interface | Flags |
[   31.614233] cloud-init[957]: ci-info: +-------+-------------+----------+---------------+-----------+-------+
[   31.656629] cloud-init[957]: ci-info: |   0   |   0.0.0.0   | 10.0.2.2 |    0.0.0.0    |   enp0s3  |   UG  |
[   31.690004] cloud-init[957]: ci-info: |   1   |   10.0.2.0  | 0.0.0.0  | 255.255.255.0 |   enp0s3  |   U   |
[   31.700620] cloud-init[957]: ci-info: +-------+-------------+----------+---------------+-----------+-------+
[[0;32m  OK  [0m] Started ACPI Events Check.
[[0;32m  OK  [0m] Listening on ACPID Listen Socket.
[[0;32m  OK  [0m] Started Daily Cleanup of Temporary Directories.
[[0;32m  OK  [0m] Reached target Timers.
         Starting LXD - unix socket.
[[0;32m  OK  [0m] Started Trigger resolvconf update for networkd DNS.
[[0;32m  OK  [0m] Reached target Paths.
[[0;32m  OK  [0m] Listening on UUID daemon activation socket.
[[0;32m  OK  [0m] Listening on Socket activation for snappy daemon.
[[0;32m  OK  [0m] Listening on LXD - unix socket.
[[0;32m  OK  [0m] Started iSCSI initiator daemon (iscsid).
         Starting Login to default iSCSI targets...
[[0;32m  OK  [0m] Reached target Sockets.
[[0;32m  OK  [0m] Reached target Basic System.
         Starting LSB: MD monitoring daemon...
[[0;32m  OK  [0m] Started FUSE filesystem for LXC.
         Starting LSB: Record successful boot for GRUB...
[[0;32m  OK  [0m] Started Snappy daemon.
         Starting /etc/rc.local Compatibility...
         Starting System Logging Service...
[[0;32m  OK  [0m] Started ACPI event daemon.
         Starting Auto import assertions from block devices...
         Starting Login Service...
[[0;32m  OK  [0m] Started Deferred execution scheduler.
[[0;32m  OK  [0m] Started Regular background program processing daemon.
         Starting LXD - container startup/shutdown...
         Starting Accounts Service...
         Starting OpenBSD Secure Shell server...
[[0;32m  OK  [0m] Started D-Bus System Message Bus.
         Starting Apply the settings specified in cloud-config...
[[0;32m  OK  [0m] Started System Logging Service.
[[0;32m  OK  [0m] Started /etc/rc.local Compatibility.
[[0;32m  OK  [0m] Started Auto import assertions from block devices.
[[0;32m  OK  [0m] Started Login Service.
[[0;32m  OK  [0m] Started OpenBSD Secure Shell server.
[[0;32m  OK  [0m] Started Login to default iSCSI targets.
[[0;32m  OK  [0m] Started LSB: MD monitoring daemon.
[[0;32m  OK  [0m] Reached target Remote File Systems (Pre).
[[0;32m  OK  [0m] Reached target Remote File Systems.
         Starting Permit User Sessions...
         Starting LSB: Set the CPU Frequency Scaling governor to "ondemand"...
         Starting LSB: VirtualBox Linux Additions...
         Starting LSB: automatic crash report generation...
         Starting LSB: daemon to balance interrupts for SMP systems...
         Starting LSB: No Display Manager...
[[0;32m  OK  [0m] Started LSB: Record successful boot for GRUB.
[[0;32m  OK  [0m] Started Permit User Sessions.
[   34.086377] cloud-init[1069]: Cloud-init v. 0.7.8 running 'modules:config' at Wed, 12 Apr 2017 14:29:05 +0000. Up 33.81 seconds.
[[0;32m  OK  [0m] Started Apply the settings specified in cloud-config.
[[0;32m  OK  [0m] Started LSB: Set the CPU Frequency Scaling governor to "ondemand".
[[0;32m  OK  [0m] Started LSB: No Display Manager.
         Starting Authenticate and Authorize Users to Run Privileged Tasks...
         Starting Terminate Plymouth Boot Screen...
         Starting Hold until boot process finishes up...
[[0;32m  OK  [0m] Started LSB: daemon to balance interrupts for SMP systems.
[[0;32m  OK  [0m] Started LSB: automatic crash report generation.
[[0;32m  OK  [0m] Started Terminate Plymouth Boot Screen.
[[0;32m  OK  [0m] Started Hold until boot process finishes up.
         Starting Set console scheme...
[[0;32m  OK  [0m] Started Getty on tty1.
[[0;32m  OK  [0m] Started Serial Getty on ttyS0.
[[0;32m  OK  [0m] Reached target Login Prompts.
[[0;32m  OK  [0m] Started LXD - container startup/shutdown.
[[0;32m  OK  [0m] Started Set console scheme.
[[0;32m  OK  [0m] Started Authenticate and Authorize Users to Run Privileged Tasks.
[[0;32m  OK  [0m] Started Accounts Service.
[[0;32m  OK  [0m] Started LSB: VirtualBox Linux Additions.
[[0;32m  OK  [0m] Reached target Multi-User System.
         Starting Execute cloud user/final scripts...
[[0;32m  OK  [0m] Reached target Graphical Interface.
         Starting Update UTMP about System Runlevel Changes...
[[0;32m  OK  [0m] Started Update UTMP about System Runlevel Changes.
[   35.731348] cloud-init[1200]: Cloud-init v. 0.7.8 running 'modules:final' at Wed, 12 Apr 2017 14:29:07 +0000. Up 35.38 seconds.
[   35.784727] cloud-init[1200]: Cloud-init v. 0.7.8 finished at Wed, 12 Apr 2017 14:29:07 +0000. Datasource DataSourceNoCloud [seed=/dev/sdb][dsmode=net].  Up 35.72 seconds
[[0;32m  OK  [0m] Started Execute cloud user/final scripts.
[[0;32m  OK  [0m] Reached target Cloud-init target.

Ubuntu 16.04.1 LTS ubuntu-xenial ttyS0

ubuntu-xenial login: 